This is pdfTeX, Version 3.1415926-2.5-1.40.14 (TeX Live 2013/Debian) (format=pdflatex 2016.10.31)  15 DEC 2018 15:48
entering extended mode
 restricted \write18 enabled.
 %&-line parsing enabled.
**egpaper_final.tex
(./egpaper_final.tex
LaTeX2e <2011/06/27>
Babel <3.9h> and hyphenation patterns for 4 languages loaded.
(/usr/share/texlive/texmf-dist/tex/latex/base/article.cls
Document Class: article 2007/10/19 v1.4h Standard LaTeX document class
(/usr/share/texlive/texmf-dist/tex/latex/base/size10.clo
File: size10.clo 2007/10/19 v1.4h Standard LaTeX file (size option)
)
\c@part=\count79
\c@section=\count80
\c@subsection=\count81
\c@subsubsection=\count82
\c@paragraph=\count83
\c@subparagraph=\count84
\c@figure=\count85
\c@table=\count86
\abovecaptionskip=\skip41
\belowcaptionskip=\skip42
\bibindent=\dimen102
) (./cvpr.sty
(./eso-pic.sty
Package: eso-pic 2002/11/16 v1.1b eso-pic (RN)
 (./cvpr_eso.sty

LaTeX Warning: You have requested package `eso-pic',
               but the package provides `everyshi'.

Package: everyshi 2001/05/15 v3.00 EveryShipout Package (MS)
) (/usr/share/texlive/texmf-dist/tex/latex/graphics/keyval.sty
Package: keyval 1999/03/16 v1.13 key=value parser (DPC)
\KV@toks@=\toks14
))
(/usr/share/texlive/texmf-dist/tex/latex/tools/xspace.sty
Package: xspace 2009/10/20 v1.13 Space after command names (DPC,MH)
)
CVPR 8.5 x 11-Inch Proceedings Style `cvpr.sty'.
\@ctmp=\skip43
\@figindent=\skip44
\cvprrulerbox=\box26
\cvprrulercount=\count87
\cvprruleroffset=\dimen103
\cv@lineheight=\dimen104
\cv@boxheight=\dimen105
\cv@tmpbox=\box27
\cv@refno=\count88
\cv@tot=\count89
\cv@tmpc@=\count90
\cv@tmpc=\count91
) (/usr/share/texlive/texmf-dist/tex/latex/psnfss/times.sty
Package: times 2005/04/12 PSNFSS-v9.2a (SPQR) 
)
(/usr/share/texlive/texmf-dist/tex/latex/graphics/epsfig.sty
Package: epsfig 1999/02/16 v1.7a (e)psfig emulation (SPQR)

(/usr/share/texlive/texmf-dist/tex/latex/graphics/graphicx.sty
Package: graphicx 1999/02/16 v1.0f Enhanced LaTeX Graphics (DPC,SPQR)

(/usr/share/texlive/texmf-dist/tex/latex/graphics/graphics.sty
Package: graphics 2009/02/05 v1.0o Standard LaTeX Graphics (DPC,SPQR)

(/usr/share/texlive/texmf-dist/tex/latex/graphics/trig.sty
Package: trig 1999/03/16 v1.09 sin cos tan (DPC)
)
(/usr/share/texlive/texmf-dist/tex/latex/latexconfig/graphics.cfg
File: graphics.cfg 2010/04/23 v1.9 graphics configuration of TeX Live
)
Package graphics Info: Driver file: pdftex.def on input line 91.

(/usr/share/texlive/texmf-dist/tex/latex/pdftex-def/pdftex.def
File: pdftex.def 2011/05/27 v0.06d Graphics/color for pdfTeX

(/usr/share/texlive/texmf-dist/tex/generic/oberdiek/infwarerr.sty
Package: infwarerr 2010/04/08 v1.3 Providing info/warning/error messages (HO)
)
(/usr/share/texlive/texmf-dist/tex/generic/oberdiek/ltxcmds.sty
Package: ltxcmds 2011/11/09 v1.22 LaTeX kernel commands for general use (HO)
)
\Gread@gobject=\count92
))
\Gin@req@height=\dimen106
\Gin@req@width=\dimen107
)
\epsfxsize=\dimen108
\epsfysize=\dimen109
)
(/usr/share/texlive/texmf-dist/tex/latex/amsmath/amsmath.sty
Package: amsmath 2013/01/14 v2.14 AMS math features
\@mathmargin=\skip45

For additional information on amsmath, use the `?' option.
(/usr/share/texlive/texmf-dist/tex/latex/amsmath/amstext.sty
Package: amstext 2000/06/29 v2.01

(/usr/share/texlive/texmf-dist/tex/latex/amsmath/amsgen.sty
File: amsgen.sty 1999/11/30 v2.0
\@emptytoks=\toks15
\ex@=\dimen110
))
(/usr/share/texlive/texmf-dist/tex/latex/amsmath/amsbsy.sty
Package: amsbsy 1999/11/29 v1.2d
\pmbraise@=\dimen111
)
(/usr/share/texlive/texmf-dist/tex/latex/amsmath/amsopn.sty
Package: amsopn 1999/12/14 v2.01 operator names
)
\inf@bad=\count93
LaTeX Info: Redefining \frac on input line 210.
\uproot@=\count94
\leftroot@=\count95
LaTeX Info: Redefining \overline on input line 306.
\classnum@=\count96
\DOTSCASE@=\count97
LaTeX Info: Redefining \ldots on input line 378.
LaTeX Info: Redefining \dots on input line 381.
LaTeX Info: Redefining \cdots on input line 466.
\Mathstrutbox@=\box28
\strutbox@=\box29
\big@size=\dimen112
LaTeX Font Info:    Redeclaring font encoding OML on input line 566.
LaTeX Font Info:    Redeclaring font encoding OMS on input line 567.
\macc@depth=\count98
\c@MaxMatrixCols=\count99
\dotsspace@=\muskip10
\c@parentequation=\count100
\dspbrk@lvl=\count101
\tag@help=\toks16
\row@=\count102
\column@=\count103
\maxfields@=\count104
\andhelp@=\toks17
\eqnshift@=\dimen113
\alignsep@=\dimen114
\tagshift@=\dimen115
\tagwidth@=\dimen116
\totwidth@=\dimen117
\lineht@=\dimen118
\@envbody=\toks18
\multlinegap=\skip46
\multlinetaggap=\skip47
\mathdisplay@stack=\toks19
LaTeX Info: Redefining \[ on input line 2665.
LaTeX Info: Redefining \] on input line 2666.
)
(/usr/share/texlive/texmf-dist/tex/latex/amsfonts/amssymb.sty
Package: amssymb 2013/01/14 v3.01 AMS font symbols

(/usr/share/texlive/texmf-dist/tex/latex/amsfonts/amsfonts.sty
Package: amsfonts 2013/01/14 v3.01 Basic AMSFonts support
\symAMSa=\mathgroup4
\symAMSb=\mathgroup5
LaTeX Font Info:    Overwriting math alphabet `\mathfrak' in version `bold'
(Font)                  U/euf/m/n --> U/euf/b/n on input line 106.
))
(/usr/share/texlive/texmf-dist/tex/latex/caption/caption.sty
Package: caption 2013/05/02 v3.3-89 Customizing captions (AR)

(/usr/share/texlive/texmf-dist/tex/latex/caption/caption3.sty
Package: caption3 2013/05/02 v1.6-88 caption3 kernel (AR)
Package caption3 Info: TeX engine: e-TeX on input line 57.
\captionmargin=\dimen119
\captionmargin@=\dimen120
\captionwidth=\dimen121
\caption@tempdima=\dimen122
\caption@indent=\dimen123
\caption@parindent=\dimen124
\caption@hangindent=\dimen125
Package caption Info: Unknown document class (or package),
(caption)             standard defaults will be used.
)

Package caption Warning: Unsupported document class (or package) detected,
(caption)                usage of the caption package is not recommended.
See the caption package documentation for explanation.

Package caption Info: \@makecaption = \long macro:#1#2-> \setbox \@tempboxa \hb
ox {\small \noindent #1.~#2} \setlength {\@ctmp }{\hsize } \addtolength {\@ctmp
 }{-\@figindent }\addtolength {\@ctmp }{-\@figindent } \ifdim \wd \@tempboxa >\
@ctmp {\small #1.~#2\par } \else \hbox to\hsize {\hfil \box \@tempboxa \hfil } 
\fi .
\c@ContinuedFloat=\count105
) (/usr/share/texlive/texmf-dist/tex/latex/caption/subcaption.sty
Package: subcaption 2013/02/03 v1.1-62 Sub-captions (AR)
\c@subfigure=\count106
\c@subtable=\count107
)
(/usr/share/texlive/texmf-dist/tex/latex/url/url.sty
\Urlmuskip=\muskip11
Package: url 2013/09/16  ver 3.4  Verb mode for urls, etc.
)
(/usr/share/texlive/texmf-dist/tex/latex/hyperref/hyperref.sty
Package: hyperref 2012/11/06 v6.83m Hypertext links for LaTeX

(/usr/share/texlive/texmf-dist/tex/generic/oberdiek/hobsub-hyperref.sty
Package: hobsub-hyperref 2012/05/28 v1.13 Bundle oberdiek, subset hyperref (HO)


(/usr/share/texlive/texmf-dist/tex/generic/oberdiek/hobsub-generic.sty
Package: hobsub-generic 2012/05/28 v1.13 Bundle oberdiek, subset generic (HO)
Package: hobsub 2012/05/28 v1.13 Construct package bundles (HO)
Package hobsub Info: Skipping package `infwarerr' (already loaded).
Package hobsub Info: Skipping package `ltxcmds' (already loaded).
Package: ifluatex 2010/03/01 v1.3 Provides the ifluatex switch (HO)
Package ifluatex Info: LuaTeX not detected.
Package: ifvtex 2010/03/01 v1.5 Detect VTeX and its facilities (HO)
Package ifvtex Info: VTeX not detected.
Package: intcalc 2007/09/27 v1.1 Expandable calculations with integers (HO)
Package: ifpdf 2011/01/30 v2.3 Provides the ifpdf switch (HO)
Package ifpdf Info: pdfTeX in PDF mode is detected.
Package: etexcmds 2011/02/16 v1.5 Avoid name clashes with e-TeX commands (HO)
Package etexcmds Info: Could not find \expanded.
(etexcmds)             That can mean that you are not using pdfTeX 1.50 or
(etexcmds)             that some package has redefined \expanded.
(etexcmds)             In the latter case, load this package earlier.
Package: kvsetkeys 2012/04/25 v1.16 Key value parser (HO)
Package: kvdefinekeys 2011/04/07 v1.3 Define keys (HO)
Package: pdftexcmds 2011/11/29 v0.20 Utility functions of pdfTeX for LuaTeX (HO
)
Package pdftexcmds Info: LuaTeX not detected.
Package pdftexcmds Info: \pdf@primitive is available.
Package pdftexcmds Info: \pdf@ifprimitive is available.
Package pdftexcmds Info: \pdfdraftmode found.
Package: pdfescape 2011/11/25 v1.13 Implements pdfTeX's escape features (HO)
Package: bigintcalc 2012/04/08 v1.3 Expandable calculations on big integers (HO
)
Package: bitset 2011/01/30 v1.1 Handle bit-vector datatype (HO)
Package: uniquecounter 2011/01/30 v1.2 Provide unlimited unique counter (HO)
)
Package hobsub Info: Skipping package `hobsub' (already loaded).
Package: letltxmacro 2010/09/02 v1.4 Let assignment for LaTeX macros (HO)
Package: hopatch 2012/05/28 v1.2 Wrapper for package hooks (HO)
Package: xcolor-patch 2011/01/30 xcolor patch
Package: atveryend 2011/06/30 v1.8 Hooks at the very end of document (HO)
Package atveryend Info: \enddocument detected (standard20110627).
Package: atbegshi 2011/10/05 v1.16 At begin shipout hook (HO)
Package: refcount 2011/10/16 v3.4 Data extraction from label references (HO)
Package: hycolor 2011/01/30 v1.7 Color options for hyperref/bookmark (HO)
)
(/usr/share/texlive/texmf-dist/tex/generic/ifxetex/ifxetex.sty
Package: ifxetex 2010/09/12 v0.6 Provides ifxetex conditional
)
(/usr/share/texlive/texmf-dist/tex/latex/oberdiek/auxhook.sty
Package: auxhook 2011/03/04 v1.3 Hooks for auxiliary files (HO)
)
(/usr/share/texlive/texmf-dist/tex/latex/oberdiek/kvoptions.sty
Package: kvoptions 2011/06/30 v3.11 Key value format for package options (HO)
)
\@linkdim=\dimen126
\Hy@linkcounter=\count108
\Hy@pagecounter=\count109

(/usr/share/texlive/texmf-dist/tex/latex/hyperref/pd1enc.def
File: pd1enc.def 2012/11/06 v6.83m Hyperref: PDFDocEncoding definition (HO)
)
\Hy@SavedSpaceFactor=\count110

(/usr/share/texlive/texmf-dist/tex/latex/latexconfig/hyperref.cfg
File: hyperref.cfg 2002/06/06 v1.2 hyperref configuration of TeXLive
)
Package hyperref Info: Option `breaklinks' set `true' on input line 4319.
Package hyperref Info: Option `bookmarks' set `false' on input line 4319.
Package hyperref Info: Hyper figures OFF on input line 4443.
Package hyperref Info: Link nesting OFF on input line 4448.
Package hyperref Info: Hyper index ON on input line 4451.
Package hyperref Info: Plain pages OFF on input line 4458.
Package hyperref Info: Backreferencing OFF on input line 4463.
Package hyperref Info: Implicit mode ON; LaTeX internals redefined.
Package hyperref Info: Bookmarks OFF on input line 4694.
\c@Hy@tempcnt=\count111
LaTeX Info: Redefining \url on input line 5041.
\XeTeXLinkMargin=\dimen127
\Fld@menulength=\count112
\Field@Width=\dimen128
\Fld@charsize=\dimen129
Package hyperref Info: Hyper figures OFF on input line 6295.
Package hyperref Info: Link nesting OFF on input line 6300.
Package hyperref Info: Hyper index ON on input line 6303.
Package hyperref Info: backreferencing OFF on input line 6310.
Package hyperref Info: Link coloring OFF on input line 6315.
Package hyperref Info: Link coloring with OCG OFF on input line 6320.
Package hyperref Info: PDF/A mode OFF on input line 6325.
LaTeX Info: Redefining \ref on input line 6365.
LaTeX Info: Redefining \pageref on input line 6369.
\Hy@abspage=\count113
\c@Item=\count114
\c@Hfootnote=\count115
)

Package hyperref Message: Driver (autodetected): hpdftex.

(/usr/share/texlive/texmf-dist/tex/latex/hyperref/hpdftex.def
File: hpdftex.def 2012/11/06 v6.83m Hyperref driver for pdfTeX
\Fld@listcount=\count116
\c@bookmark@seq@number=\count117

(/usr/share/texlive/texmf-dist/tex/latex/oberdiek/rerunfilecheck.sty
Package: rerunfilecheck 2011/04/15 v1.7 Rerun checks for auxiliary files (HO)
Package uniquecounter Info: New unique counter `rerunfilecheck' on input line 2
82.
)
\Hy@SectionHShift=\skip48
)
Package hyperref Info: Option `draft' set `true' on input line 33.

(./egpaper_final.aux)
\openout1 = `egpaper_final.aux'.

LaTeX Font Info:    Checking defaults for OML/cmm/m/it on input line 34.
LaTeX Font Info:    ... okay on input line 34.
LaTeX Font Info:    Checking defaults for T1/cmr/m/n on input line 34.
LaTeX Font Info:    ... okay on input line 34.
LaTeX Font Info:    Checking defaults for OT1/cmr/m/n on input line 34.
LaTeX Font Info:    ... okay on input line 34.
LaTeX Font Info:    Checking defaults for OMS/cmsy/m/n on input line 34.
LaTeX Font Info:    ... okay on input line 34.
LaTeX Font Info:    Checking defaults for OMX/cmex/m/n on input line 34.
LaTeX Font Info:    ... okay on input line 34.
LaTeX Font Info:    Checking defaults for U/cmr/m/n on input line 34.
LaTeX Font Info:    ... okay on input line 34.
LaTeX Font Info:    Checking defaults for PD1/pdf/m/n on input line 34.
LaTeX Font Info:    ... okay on input line 34.
LaTeX Font Info:    Try loading font information for OT1+ptm on input line 34.
 (/usr/share/texlive/texmf-dist/tex/latex/psnfss/ot1ptm.fd
File: ot1ptm.fd 2001/06/04 font definitions for OT1/ptm.
) ABD: EveryShipout initializing macros
(/usr/share/texlive/texmf-dist/tex/latex/graphics/color.sty
Package: color 2005/11/14 v1.0j Standard LaTeX Color (DPC)

(/usr/share/texlive/texmf-dist/tex/latex/latexconfig/color.cfg
File: color.cfg 2007/01/18 v1.5 color configuration of teTeX/TeXLive
)
Package color Info: Driver file: pdftex.def on input line 130.
)
(/usr/share/texlive/texmf-dist/tex/context/base/supp-pdf.mkii
[Loading MPS to PDF converter (version 2006.09.02).]
\scratchcounter=\count118
\scratchdimen=\dimen130
\scratchbox=\box30
\nofMPsegments=\count119
\nofMParguments=\count120
\everyMPshowfont=\toks20
\MPscratchCnt=\count121
\MPscratchDim=\dimen131
\MPnumerator=\count122
\makeMPintoPDFobject=\count123
\everyMPtoPDFconversion=\toks21
) (/usr/share/texlive/texmf-dist/tex/latex/oberdiek/epstopdf-base.sty
Package: epstopdf-base 2010/02/09 v2.5 Base part for package epstopdf

(/usr/share/texlive/texmf-dist/tex/latex/oberdiek/grfext.sty
Package: grfext 2010/08/19 v1.1 Manage graphics extensions (HO)
)
Package grfext Info: Graphics extension search list:
(grfext)             [.png,.pdf,.jpg,.mps,.jpeg,.jbig2,.jb2,.PNG,.PDF,.JPG,.JPE
G,.JBIG2,.JB2,.eps]
(grfext)             \AppendGraphicsExtensions on input line 452.

(/usr/share/texlive/texmf-dist/tex/latex/latexconfig/epstopdf-sys.cfg
File: epstopdf-sys.cfg 2010/07/13 v1.3 Configuration of (r)epstopdf for TeX Liv
e
))
Package caption Info: Begin \AtBeginDocument code.
Package caption Info: hyperref package is loaded.
Package caption Info: End \AtBeginDocument code.
\AtBeginShipoutBox=\box31
Package atbegshi Info: Package `everyshi' patched.


Package hyperref Warning: Draft mode on.

Package hyperref Info: Link coloring OFF on input line 34.
(/usr/share/texlive/texmf-dist/tex/latex/hyperref/nameref.sty
Package: nameref 2012/10/27 v2.43 Cross-referencing by name of section

(/usr/share/texlive/texmf-dist/tex/generic/oberdiek/gettitlestring.sty
Package: gettitlestring 2010/12/03 v1.4 Cleanup title references (HO)
)
\c@section@level=\count124
)
LaTeX Info: Redefining \ref on input line 34.
LaTeX Info: Redefining \pageref on input line 34.
LaTeX Info: Redefining \nameref on input line 34.
LaTeX Font Info:    Font shape `OT1/ptm/bx/n' in size <14.4> not available
(Font)              Font shape `OT1/ptm/b/n' tried instead on input line 57.
LaTeX Font Info:    Try loading font information for U+msa on input line 57.

(/usr/share/texlive/texmf-dist/tex/latex/amsfonts/umsa.fd
File: umsa.fd 2013/01/14 v3.01 AMS symbols A
)
LaTeX Font Info:    Try loading font information for U+msb on input line 57.

(/usr/share/texlive/texmf-dist/tex/latex/amsfonts/umsb.fd
File: umsb.fd 2013/01/14 v3.01 AMS symbols B
)
LaTeX Font Info:    Try loading font information for OT1+pcr on input line 57.

(/usr/share/texlive/texmf-dist/tex/latex/psnfss/ot1pcr.fd
File: ot1pcr.fd 2001/06/04 font definitions for OT1/pcr.
)
LaTeX Font Info:    Font shape `OT1/ptm/bx/n' in size <12> not available
(Font)              Font shape `OT1/ptm/b/n' tried instead on input line 59.
Missing character: There is no â in font ptmr7t!
Missing character: There is no € in font ptmr7t!
Missing character: There is no “ in font ptmr7t!
Missing character: There is no â in font ptmr7t!
Missing character: There is no € in font ptmr7t!
Missing character: There is no “ in font ptmr7t!

Underfull \hbox (badness 1158) in paragraph at lines 65--92
[]\OT1/ptm/m/n/10 Image-to-image trans-la-tion is a class of vi-sion and
 []

LaTeX Font Info:    Font shape `OT1/ptm/bx/n' in size <10> not available
(Font)              Font shape `OT1/ptm/b/n' tried instead on input line 93.

LaTeX Warning: Citation `cycle2' on page 1 undefined on input line 93.


Underfull \vbox (badness 4454) has occurred while \output is active []

 [1{/var/lib/texmf/fonts/map/pdftex/updmap/pdftex.map}


]

LaTeX Warning: Citation `21' on page 2 undefined on input line 128.

<./images/helper/gan_b.png, id=15, 251.94125pt x 150.5625pt>
File: ./images/helper/gan_b.png Graphic file (type png)

<use ./images/helper/gan_b.png>
Package pdftex.def Info: ./images/helper/gan_b.png used on input line 148.
(pdftex.def)             Requested size: 198.73946pt x 118.76845pt.

<./images/helper/gan_a.png, id=17, 251.43938pt x 150.5625pt>
File: ./images/helper/gan_a.png Graphic file (type png)

<use ./images/helper/gan_a.png>
Package pdftex.def Info: ./images/helper/gan_a.png used on input line 155.
(pdftex.def)             Requested size: 198.73946pt x 119.00508pt.
 [2]
Underfull \hbox (badness 10000) in paragraph at lines 214--215

 []


Underfull \hbox (badness 10000) in paragraph at lines 216--217

 []


Underfull \hbox (badness 10000) in paragraph at lines 218--219

 []


Underfull \hbox (badness 10000) in paragraph at lines 220--221

 []


Underfull \hbox (badness 10000) in paragraph at lines 222--223

 []


Underfull \hbox (badness 10000) in paragraph at lines 242--243

 []

[3 <./images/helper/gan_b.png> <./images/helper/gan_a.png>]
<./images/helper/generator.png, id=29, 987.69pt x 314.17375pt>
File: ./images/helper/generator.png Graphic file (type png)

<use ./images/helper/generator.png>
Package pdftex.def Info: ./images/helper/generator.png used on input line 269.
(pdftex.def)             Requested size: 496.85625pt x 158.04047pt.

<./images/helper/res_block.png, id=30, 549.05125pt x 278.03876pt>
File: ./images/helper/res_block.png Graphic file (type png)

<use ./images/helper/res_block.png>
Package pdftex.def Info: ./images/helper/res_block.png used on input line 276.
(pdftex.def)             Requested size: 298.11678pt x 150.97021pt.

<./images/helper/discriminator.png, id=31, 674.52pt x 273.02pt>
File: ./images/helper/discriminator.png Graphic file (type png)

<use ./images/helper/discriminator.png>
Package pdftex.def Info: ./images/helper/discriminator.png used on input line 2
83.
(pdftex.def)             Requested size: 397.48651pt x 160.88876pt.

<./images/apple2orange/test_a_2_b_32.jpg, id=32, 778.91pt x 260.975pt>
File: ./images/apple2orange/test_a_2_b_32.jpg Graphic file (type jpg)

<use ./images/apple2orange/test_a_2_b_32.jpg>
Package pdftex.def Info: ./images/apple2orange/test_a_2_b_32.jpg used on input 
line 295.
(pdftex.def)             Requested size: 219.11456pt x 73.41098pt.

<./images/apple2orange/test_a_2_b_65.jpg, id=33, 778.91pt x 260.975pt>
File: ./images/apple2orange/test_a_2_b_65.jpg Graphic file (type jpg)

<use ./images/apple2orange/test_a_2_b_65.jpg>
Package pdftex.def Info: ./images/apple2orange/test_a_2_b_65.jpg used on input 
line 297.
(pdftex.def)             Requested size: 219.11456pt x 73.41098pt.

<./images/apple2orange/test_a_2_b_111.jpg, id=34, 778.91pt x 260.975pt>
File: ./images/apple2orange/test_a_2_b_111.jpg Graphic file (type jpg)

<use ./images/apple2orange/test_a_2_b_111.jpg>
Package pdftex.def Info: ./images/apple2orange/test_a_2_b_111.jpg used on input
 line 299.
(pdftex.def)             Requested size: 219.11456pt x 73.41098pt.

<./images/apple2orange/test_b_2_a_46.jpg, id=35, 778.91pt x 260.975pt>
File: ./images/apple2orange/test_b_2_a_46.jpg Graphic file (type jpg)

<use ./images/apple2orange/test_b_2_a_46.jpg>
Package pdftex.def Info: ./images/apple2orange/test_b_2_a_46.jpg used on input 
line 306.
(pdftex.def)             Requested size: 219.11456pt x 73.41098pt.

<./images/apple2orange/test_b_2_a_214.jpg, id=36, 778.91pt x 260.975pt>
File: ./images/apple2orange/test_b_2_a_214.jpg Graphic file (type jpg)

<use ./images/apple2orange/test_b_2_a_214.jpg>
Package pdftex.def Info: ./images/apple2orange/test_b_2_a_214.jpg used on input
 line 308.
(pdftex.def)             Requested size: 219.11456pt x 73.41098pt.

<./images/apple2orange/test_b_2_a_243.jpg, id=37, 778.91pt x 260.975pt>
File: ./images/apple2orange/test_b_2_a_243.jpg Graphic file (type jpg)

<use ./images/apple2orange/test_b_2_a_243.jpg>
Package pdftex.def Info: ./images/apple2orange/test_b_2_a_243.jpg used on input
 line 310.
(pdftex.def)             Requested size: 219.11456pt x 73.41098pt.

<./images/summer2winter/test_a_2_b_111(1).jpg, id=38, 778.91pt x 260.975pt>
File: ./images/summer2winter/test_a_2_b_111(1).jpg Graphic file (type jpg)

<use ./images/summer2winter/test_a_2_b_111(1).jpg>
Package pdftex.def Info: ./images/summer2winter/test_a_2_b_111(1).jpg used on i
nput line 323.
(pdftex.def)             Requested size: 219.11456pt x 73.41098pt.

<./images/summer2winter/test_a_2_b_63.jpg, id=39, 778.91pt x 260.975pt>
File: ./images/summer2winter/test_a_2_b_63.jpg Graphic file (type jpg)

<use ./images/summer2winter/test_a_2_b_63.jpg>
Package pdftex.def Info: ./images/summer2winter/test_a_2_b_63.jpg used on input
 line 325.
(pdftex.def)             Requested size: 219.11456pt x 73.41098pt.

<./images/summer2winter/test_a_2_b_220.jpg, id=40, 778.91pt x 260.975pt>
File: ./images/summer2winter/test_a_2_b_220.jpg Graphic file (type jpg)

<use ./images/summer2winter/test_a_2_b_220.jpg>
Package pdftex.def Info: ./images/summer2winter/test_a_2_b_220.jpg used on inpu
t line 327.
(pdftex.def)             Requested size: 219.11456pt x 73.41098pt.

<./images/summer2winter/test_b_2_a_132.jpg, id=41, 778.91pt x 260.975pt>
File: ./images/summer2winter/test_b_2_a_132.jpg Graphic file (type jpg)

<use ./images/summer2winter/test_b_2_a_132.jpg>
Package pdftex.def Info: ./images/summer2winter/test_b_2_a_132.jpg used on inpu
t line 334.
(pdftex.def)             Requested size: 219.11456pt x 73.41098pt.

<./images/summer2winter/test_b_2_a_168.jpg, id=42, 778.91pt x 260.975pt>
File: ./images/summer2winter/test_b_2_a_168.jpg Graphic file (type jpg)

<use ./images/summer2winter/test_b_2_a_168.jpg>
Package pdftex.def Info: ./images/summer2winter/test_b_2_a_168.jpg used on inpu
t line 336.
(pdftex.def)             Requested size: 219.11456pt x 73.41098pt.

<./images/summer2winter/test_b_2_a_211.jpg, id=43, 778.91pt x 260.975pt>
File: ./images/summer2winter/test_b_2_a_211.jpg Graphic file (type jpg)

<use ./images/summer2winter/test_b_2_a_211.jpg>
Package pdftex.def Info: ./images/summer2winter/test_b_2_a_211.jpg used on inpu
t line 338.
(pdftex.def)             Requested size: 219.11456pt x 73.41098pt.

<./images/arial2times/test_a_2_b_4.jpg, id=44, 778.91pt x 260.975pt>
File: ./images/arial2times/test_a_2_b_4.jpg Graphic file (type jpg)

<use ./images/arial2times/test_a_2_b_4.jpg>
Package pdftex.def Info: ./images/arial2times/test_a_2_b_4.jpg used on input li
ne 351.
(pdftex.def)             Requested size: 219.11456pt x 73.41098pt.

<./images/arial2times/test_a_2_b_32(1).jpg, id=45, 778.91pt x 260.975pt>
File: ./images/arial2times/test_a_2_b_32(1).jpg Graphic file (type jpg)

<use ./images/arial2times/test_a_2_b_32(1).jpg>
Package pdftex.def Info: ./images/arial2times/test_a_2_b_32(1).jpg used on inpu
t line 353.
(pdftex.def)             Requested size: 219.11456pt x 73.41098pt.

<./images/arial2times/test_a_2_b_40.jpg, id=46, 778.91pt x 260.975pt>
File: ./images/arial2times/test_a_2_b_40.jpg Graphic file (type jpg)

<use ./images/arial2times/test_a_2_b_40.jpg>
Package pdftex.def Info: ./images/arial2times/test_a_2_b_40.jpg used on input l
ine 355.
(pdftex.def)             Requested size: 219.11456pt x 73.41098pt.

<./images/arial2times/test_b_2_a_94.jpg, id=47, 778.91pt x 260.975pt>
File: ./images/arial2times/test_b_2_a_94.jpg Graphic file (type jpg)

<use ./images/arial2times/test_b_2_a_94.jpg>
Package pdftex.def Info: ./images/arial2times/test_b_2_a_94.jpg used on input l
ine 366.
(pdftex.def)             Requested size: 219.11456pt x 73.41098pt.

<./images/arial2times/test_b_2_a_117.jpg, id=48, 778.91pt x 260.975pt>
File: ./images/arial2times/test_b_2_a_117.jpg Graphic file (type jpg)

<use ./images/arial2times/test_b_2_a_117.jpg>
Package pdftex.def Info: ./images/arial2times/test_b_2_a_117.jpg used on input 
line 368.
(pdftex.def)             Requested size: 219.11456pt x 73.41098pt.

<./images/arial2times/test_b_2_a_136.jpg, id=49, 778.91pt x 260.975pt>
File: ./images/arial2times/test_b_2_a_136.jpg Graphic file (type jpg)

<use ./images/arial2times/test_b_2_a_136.jpg>
Package pdftex.def Info: ./images/arial2times/test_b_2_a_136.jpg used on input 
line 370.
(pdftex.def)             Requested size: 219.11456pt x 73.41098pt.

<./images/arial2times_word/test_a_2_b_31.jpg, id=50, 778.91pt x 260.975pt>
File: ./images/arial2times_word/test_a_2_b_31.jpg Graphic file (type jpg)

<use ./images/arial2times_word/test_a_2_b_31.jpg>
Package pdftex.def Info: ./images/arial2times_word/test_a_2_b_31.jpg used on in
put line 387.
(pdftex.def)             Requested size: 219.11456pt x 73.41098pt.

<./images/arial2times_word/test_a_2_b_55.jpg, id=51, 778.91pt x 260.975pt>
File: ./images/arial2times_word/test_a_2_b_55.jpg Graphic file (type jpg)

<use ./images/arial2times_word/test_a_2_b_55.jpg>
Package pdftex.def Info: ./images/arial2times_word/test_a_2_b_55.jpg used on in
put line 389.
(pdftex.def)             Requested size: 219.11456pt x 73.41098pt.

<./images/arial2times_word/test_a_2_b_341.jpg, id=52, 778.91pt x 260.975pt>
File: ./images/arial2times_word/test_a_2_b_341.jpg Graphic file (type jpg)

<use ./images/arial2times_word/test_a_2_b_341.jpg>
Package pdftex.def Info: ./images/arial2times_word/test_a_2_b_341.jpg used on i
nput line 391.
(pdftex.def)             Requested size: 219.11456pt x 73.41098pt.

<./images/arial2times_word/test_b_2_a_202.jpg, id=53, 778.91pt x 260.975pt>
File: ./images/arial2times_word/test_b_2_a_202.jpg Graphic file (type jpg)

<use ./images/arial2times_word/test_b_2_a_202.jpg>
Package pdftex.def Info: ./images/arial2times_word/test_b_2_a_202.jpg used on i
nput line 402.
(pdftex.def)             Requested size: 219.11456pt x 73.41098pt.

<./images/arial2times_word/test_b_2_a_420.jpg, id=54, 778.91pt x 260.975pt>
File: ./images/arial2times_word/test_b_2_a_420.jpg Graphic file (type jpg)

<use ./images/arial2times_word/test_b_2_a_420.jpg>
Package pdftex.def Info: ./images/arial2times_word/test_b_2_a_420.jpg used on i
nput line 404.
(pdftex.def)             Requested size: 219.11456pt x 73.41098pt.

<./images/arial2times_word/test_b_2_a_436.jpg, id=55, 778.91pt x 260.975pt>
File: ./images/arial2times_word/test_b_2_a_436.jpg Graphic file (type jpg)

<use ./images/arial2times_word/test_b_2_a_436.jpg>
Package pdftex.def Info: ./images/arial2times_word/test_b_2_a_436.jpg used on i
nput line 406.
(pdftex.def)             Requested size: 219.11456pt x 73.41098pt.

<./images/apple2orange/test_a_2_b_33_i.jpg, id=56, 778.91pt x 260.975pt>
File: ./images/apple2orange/test_a_2_b_33_i.jpg Graphic file (type jpg)

<use ./images/apple2orange/test_a_2_b_33_i.jpg>
Package pdftex.def Info: ./images/apple2orange/test_a_2_b_33_i.jpg used on inpu
t line 423.
(pdftex.def)             Requested size: 219.11456pt x 73.41098pt.

<./images/apple2orange/test_a_2_b_33.jpg, id=57, 778.91pt x 260.975pt>
File: ./images/apple2orange/test_a_2_b_33.jpg Graphic file (type jpg)

<use ./images/apple2orange/test_a_2_b_33.jpg>
Package pdftex.def Info: ./images/apple2orange/test_a_2_b_33.jpg used on input 
line 425.
(pdftex.def)             Requested size: 219.11456pt x 73.41098pt.

<./images/summer2winter/test_a_2_b_48.jpg, id=58, 778.91pt x 260.975pt>
File: ./images/summer2winter/test_a_2_b_48.jpg Graphic file (type jpg)

<use ./images/summer2winter/test_a_2_b_48.jpg>
Package pdftex.def Info: ./images/summer2winter/test_a_2_b_48.jpg used on input
 line 432.
(pdftex.def)             Requested size: 219.11456pt x 73.41098pt.

<./images/summer2winter/test_a_2_b_48_g.jpg, id=59, 778.91pt x 260.975pt>
File: ./images/summer2winter/test_a_2_b_48_g.jpg Graphic file (type jpg)

<use ./images/summer2winter/test_a_2_b_48_g.jpg>
Package pdftex.def Info: ./images/summer2winter/test_a_2_b_48_g.jpg used on inp
ut line 434.
(pdftex.def)             Requested size: 219.11456pt x 73.41098pt.

<./images/arial2times/test_a_2_b_96.jpg, id=60, 778.91pt x 260.975pt>
File: ./images/arial2times/test_a_2_b_96.jpg Graphic file (type jpg)

<use ./images/arial2times/test_a_2_b_96.jpg>
Package pdftex.def Info: ./images/arial2times/test_a_2_b_96.jpg used on input l
ine 447.
(pdftex.def)             Requested size: 219.11456pt x 73.41098pt.

<./images/arial2times/test_a_2_b_96_g.jpg, id=61, 778.91pt x 260.975pt>
File: ./images/arial2times/test_a_2_b_96_g.jpg Graphic file (type jpg)

<use ./images/arial2times/test_a_2_b_96_g.jpg>
Package pdftex.def Info: ./images/arial2times/test_a_2_b_96_g.jpg used on input
 line 449.
(pdftex.def)             Requested size: 219.11456pt x 73.41098pt.

<./images/arial2times/test_a_2_b_115.jpg, id=62, 778.91pt x 260.975pt>
File: ./images/arial2times/test_a_2_b_115.jpg Graphic file (type jpg)

<use ./images/arial2times/test_a_2_b_115.jpg>
Package pdftex.def Info: ./images/arial2times/test_a_2_b_115.jpg used on input 
line 456.
(pdftex.def)             Requested size: 219.11456pt x 73.41098pt.

<./images/arial2times/test_a_2_b_115_g.jpg, id=63, 778.91pt x 260.975pt>
File: ./images/arial2times/test_a_2_b_115_g.jpg Graphic file (type jpg)

<use ./images/arial2times/test_a_2_b_115_g.jpg>
Package pdftex.def Info: ./images/arial2times/test_a_2_b_115_g.jpg used on inpu
t line 458.
(pdftex.def)             Requested size: 219.11456pt x 73.41098pt.

<./images/arial2times_word/test_a_2_b_203.jpg, id=64, 778.91pt x 260.975pt>
File: ./images/arial2times_word/test_a_2_b_203.jpg Graphic file (type jpg)

<use ./images/arial2times_word/test_a_2_b_203.jpg>
Package pdftex.def Info: ./images/arial2times_word/test_a_2_b_203.jpg used on i
nput line 471.
(pdftex.def)             Requested size: 219.11456pt x 73.41098pt.

<./images/arial2times_word/test_a_2_b_203_g.jpg, id=65, 778.91pt x 260.975pt>
File: ./images/arial2times_word/test_a_2_b_203_g.jpg Graphic file (type jpg)

<use ./images/arial2times_word/test_a_2_b_203_g.jpg>
Package pdftex.def Info: ./images/arial2times_word/test_a_2_b_203_g.jpg used on
 input line 473.
(pdftex.def)             Requested size: 219.11456pt x 73.41098pt.

<./images/arial2times_word/test_b_2_a_68.jpg, id=66, 778.91pt x 260.975pt>
File: ./images/arial2times_word/test_b_2_a_68.jpg Graphic file (type jpg)

<use ./images/arial2times_word/test_b_2_a_68.jpg>
Package pdftex.def Info: ./images/arial2times_word/test_b_2_a_68.jpg used on in
put line 480.
(pdftex.def)             Requested size: 219.11456pt x 73.41098pt.

<./images/arial2times_word/test_b_2_a_68_g.jpg, id=67, 778.91pt x 260.975pt>
File: ./images/arial2times_word/test_b_2_a_68_g.jpg Graphic file (type jpg)

<use ./images/arial2times_word/test_b_2_a_68_g.jpg>
Package pdftex.def Info: ./images/arial2times_word/test_b_2_a_68_g.jpg used on 
input line 482.
(pdftex.def)             Requested size: 219.11456pt x 73.41098pt.

Overfull \hbox (8.00375pt too wide) in paragraph at lines 515--528
 [] 
 []


Underfull \vbox (badness 6876) has occurred while \output is active []

 [4]
Overfull \vbox (11.5032pt too high) has occurred while \output is active []


Underfull \vbox (badness 10000) has occurred while \output is active []

 [5 <./images/helper/generator.png> <./images/helper/res_block.png> <./images/h
elper/discriminator.png>]
Underfull \vbox (badness 10000) has occurred while \output is active []

 [6 <./images/apple2orange/test_a_2_b_32.jpg> <./images/apple2orange/test_a_2_b
_65.jpg> <./images/apple2orange/test_a_2_b_111.jpg> <./images/apple2orange/test
_b_2_a_46.jpg> <./images/apple2orange/test_b_2_a_214.jpg> <./images/apple2orang
e/test_b_2_a_243.jpg> <./images/summer2winter/test_a_2_b_111(1).jpg> <./images/
summer2winter/test_a_2_b_63.jpg> <./images/summer2winter/test_a_2_b_220.jpg> <.
/images/summer2winter/test_b_2_a_132.jpg> <./images/summer2winter/test_b_2_a_16
8.jpg> <./images/summer2winter/test_b_2_a_211.jpg>]
Underfull \vbox (badness 10000) has occurred while \output is active []


Underfull \vbox (badness 10000) has occurred while \output is active []

 [7 <./images/arial2times/test_a_2_b_4.jpg> <./images/arial2times/test_a_2_b_32
(1).jpg> <./images/arial2times/test_a_2_b_40.jpg> <./images/arial2times/test_b_
2_a_94.jpg> <./images/arial2times/test_b_2_a_117.jpg> <./images/arial2times/tes
t_b_2_a_136.jpg> <./images/arial2times_word/test_a_2_b_31.jpg> <./images/arial2
times_word/test_a_2_b_55.jpg> <./images/arial2times_word/test_a_2_b_341.jpg> <.
/images/arial2times_word/test_b_2_a_202.jpg> <./images/arial2times_word/test_b_
2_a_420.jpg> <./images/arial2times_word/test_b_2_a_436.jpg>]

LaTeX Warning: Text page 8 contains only floats.


Underfull \vbox (badness 10000) has occurred while \output is active []



LaTeX Warning: Text page 8 contains only floats.


Underfull \vbox (badness 10000) has occurred while \output is active []

 [8 <./images/apple2orange/test_a_2_b_33_i.jpg> <./images/apple2orange/test_a_2
_b_33.jpg> <./images/summer2winter/test_a_2_b_48.jpg> <./images/summer2winter/t
est_a_2_b_48_g.jpg> <./images/arial2times/test_a_2_b_96.jpg> <./images/arial2ti
mes/test_a_2_b_96_g.jpg> <./images/arial2times/test_a_2_b_115.jpg> <./images/ar
ial2times/test_a_2_b_115_g.jpg> <./images/arial2times_word/test_a_2_b_203.jpg> 
<./images/arial2times_word/test_a_2_b_203_g.jpg> <./images/arial2times_word/tes
t_b_2_a_68.jpg> <./images/arial2times_word/test_b_2_a_68_g.jpg>]
Underfull \hbox (badness 5924) in paragraph at lines 570--571
\OT1/ptm/b/n/10 Number of epochs \OT1/ptm/m/n/10 For sin-gle char-ac-ter up-per
-case
 []

(./egpaper_final.bbl
Underfull \hbox (badness 3492) in paragraph at lines 42--46
[]\OT1/ptm/m/n/9 I. Good-fel-low, J. Pouget-Abadie, M. Mirza, B. Xu,
 []


Underfull \hbox (badness 10000) in paragraph at lines 90--94
\OT1/pcr/m/n/9 berkeley . edu / []taesung _ park / CycleGAN /
 []


Underfull \hbox (badness 10000) in paragraph at lines 119--123
[]\OT1/ptm/m/n/9 I. Uni-ver-sity of Cal-i-for-nia.  Uci bag-of-words
 []


Underfull \hbox (badness 10000) in paragraph at lines 119--123
\OT1/ptm/m/n/9 vo-cab-u-lary.  $\OT1/pcr/m/n/9 https : / / archive . ics . uci 
.
 []


Underfull \hbox (badness 10000) in paragraph at lines 119--123
\OT1/pcr/m/n/9 edu / ml / machine-[]learning-[]databases /
 []

)
Package atveryend Info: Empty hook `BeforeClearDocument' on input line 583.
 [9]
Package atveryend Info: Empty hook `AfterLastShipout' on input line 583.
 (./egpaper_final.aux)
Package atveryend Info: Executing hook `AtVeryEndDocument' on input line 583.
Package atveryend Info: Empty hook `AtEndAfterFileList' on input line 583.


LaTeX Warning: There were undefined references.

Package atveryend Info: Empty hook `AtVeryVeryEnd' on input line 583.
 ) 
Here is how much of TeX's memory you used:
 7629 strings out of 494985
 118312 string characters out of 6180355
 215234 words of memory out of 5000000
 10692 multiletter control sequences out of 15000+600000
 29620 words of font info for 74 fonts, out of 8000000 for 9000
 36 hyphenation exceptions out of 8191
 36i,15n,38p,1170b,514s stack positions out of 5000i,500n,10000p,200000b,80000s
{/usr/share/texlive/texmf-dist/fonts/enc/dvips/base/8r.enc}</usr/share/texliv
e/texmf-dist/fonts/type1/public/amsfonts/cm/cmbx10.pfb></usr/share/texlive/texm
f-dist/fonts/type1/public/amsfonts/cm/cmmi10.pfb></usr/share/texlive/texmf-dist
/fonts/type1/public/amsfonts/cm/cmmi6.pfb></usr/share/texlive/texmf-dist/fonts/
type1/public/amsfonts/cm/cmmi7.pfb></usr/share/texlive/texmf-dist/fonts/type1/p
ublic/amsfonts/cm/cmmi9.pfb></usr/share/texlive/texmf-dist/fonts/type1/public/a
msfonts/cm/cmr10.pfb></usr/share/texlive/texmf-dist/fonts/type1/public/amsfonts
/cm/cmr6.pfb></usr/share/texlive/texmf-dist/fonts/type1/public/amsfonts/cm/cmr7
.pfb></usr/share/texlive/texmf-dist/fonts/type1/public/amsfonts/cm/cmsy10.pfb><
/usr/share/texlive/texmf-dist/fonts/type1/public/amsfonts/cm/cmsy9.pfb></usr/sh
are/texlive/texmf-dist/fonts/type1/urw/courier/ucrr8a.pfb></usr/share/texlive/t
exmf-dist/fonts/type1/urw/times/utmb8a.pfb></usr/share/texlive/texmf-dist/fonts
/type1/urw/times/utmr8a.pfb></usr/share/texlive/texmf-dist/fonts/type1/urw/time
s/utmri8a.pfb>
Output written on egpaper_final.pdf (9 pages, 1367561 bytes).
PDF statistics:
 138 PDF objects out of 1000 (max. 8388607)
 66 compressed objects within 1 object stream
 0 named destinations out of 1000 (max. 500000)
 206 words of extra memory for PDF output out of 10000 (max. 10000000)

